<?xml version="1.0" encoding="UTF-8"?>
<!-- Generated by org.testng.reporters.JUnitReportReporter -->
<testsuite hostname="Mahesh" name="priti.Priti" tests="6" failures="0" timestamp="11 Feb 2021 03:42:15 GMT" time="37.650" errors="0">
  <testcase name="editLocation" time="0.000" classname="priti.Priti"/>
  <testcase name="verifyLogin" time="8.360" classname="priti.Priti"/>
  <testcase name="addLocation" time="0.000" classname="priti.Priti"/>
  <testcase name="editEmp" time="0.000" classname="priti.Priti"/>
  <testcase name="addEmp" time="29.290" classname="priti.Priti"/>
  <testcase name="deleteEmp" time="0.000" classname="priti.Priti"/>
</testsuite> <!-- priti.Priti -->
